<?xml version="1.0" encoding="UTF-8" ?>
<testsuite failures="0" time="25.691" errors="0" skipped="0" tests="9" name="runTestcases.RunCreateNewLocationTest">
  <properties>
[...]
</properties>
  <testcase time="0" classname="| \&quot;Manor Park\u002C London\&quot; | 101 | \&quot;Manor Park is residential area in the London Borough of Newham\&quot; | \&quot;EC1A 4HD\&quot; | 6 | 10 |" name="Given User is on Smart Focus site"/>
  <testcase time="0" classname="| \&quot;Manor Park\u002C London\&quot; | 101 | \&quot;Manor Park is residential area in the London Borough of Newham\&quot; | \&quot;EC1A 4HD\&quot; | 6 | 10 |" name="And User clicks on \&apos;New\&apos;"/>
  <testcase time="0" classname="| \&quot;Manor Park\u002C London\&quot; | 101 | \&quot;Manor Park is residential area in the London Borough of Newham\&quot; | \&quot;EC1A 4HD\&quot; | 6 | 10 |" name="When User clicks on \&apos;Location\&apos;"/>
  <testcase time="0" classname="| \&quot;Manor Park\u002C London\&quot; | 101 | \&quot;Manor Park is residential area in the London Borough of Newham\&quot; | \&quot;EC1A 4HD\&quot; | 6 | 10 |" name="Then New location form should appear"/>
  <testcase time="0" classname="| \&quot;Manor Park\u002C London\&quot; | 101 | \&quot;Manor Park is residential area in the London Borough of Newham\&quot; | \&quot;EC1A 4HD\&quot; | 6 | 10 |" name="And User fills \&quot;Manor Park\u002C London\&quot; 101 \&quot;Manor Park is residential area in the London Borough of Newham\&quot; \&quot;EC1A 4HD\&quot; 6 10"/>
  <testcase time="0.001" classname="| \&quot;Manor Park\u002C London\&quot; | 101 | \&quot;Manor Park is residential area in the London Borough of Newham\&quot; | \&quot;EC1A 4HD\&quot; | 6 | 10 |" name="When User clicks on Create"/>
  <testcase time="0" classname="| \&quot;Manor Park\u002C London\&quot; | 101 | \&quot;Manor Park is residential area in the London Borough of Newham\&quot; | \&quot;EC1A 4HD\&quot; | 6 | 10 |" name="Then New location should be created"/>
  <testcase time="0" classname="| \&quot;Manor Park\u002C London\&quot; | 101 | \&quot;Manor Park is residential area in the London Borough of Newham\&quot; | \&quot;EC1A 4HD\&quot; | 6 | 10 |" name="And Screen navigates to the new location"/>
  <testcase time="3.937" classname="| \&quot;Manor Park\u002C London\&quot; | 101 | \&quot;Manor Park is residential area in the London Borough of Newham\&quot; | \&quot;EC1A 4HD\&quot; | 6 | 10 |" name="| \&quot;Manor Park\u002C London\&quot; | 101 | \&quot;Manor Park is residential area in the London Borough of Newham\&quot; | \&quot;EC1A 4HD\&quot; | 6 | 10 |"/>
</testsuite>